2019-09-03 10:57:20,138 [main] INFO - 初始化[数据库映射:orm]开始...
2019-09-03 10:57:20,247 [main] INFO - 创建数据库连接[000001][jdbc:mysql://127.0.0.1:3306/zhiqim_prototype_editor?useUnicode=true&characterEncoding=UTF-8|root]成功，[测试]
2019-09-03 10:57:20,255 [main] INFO - 创建数据库连接[000002][jdbc:mysql://127.0.0.1:3306/zhiqim_prototype_editor?useUnicode=true&characterEncoding=UTF-8|root]成功，[初始化]
2019-09-03 10:57:20,271 [main] INFO - 创建数据库连接[000003][jdbc:mysql://127.0.0.1:3306/zhiqim_prototype_editor?useUnicode=true&characterEncoding=UTF-8|root]成功，[初始化]
2019-09-03 10:57:20,289 [main] INFO - 初始化[数据库映射:orm]完成!!!

2019-09-03 10:57:20,290 [main] INFO - 初始化[HTTP服务:resource]开始...
2019-09-03 10:57:20,291 [Interval-org.zhiqim.httpd.bio.HttpBioListener] INFO - 允许最大连接[200]，当前总连接[0]=WS[0]+活动[0]+空闲[0]，允许空闲[53]秒
2019-09-03 10:57:20,375 [Controller-resource] INFO - 线程池[name:resource,min:20,max:200,cur:20,active:0,queue:0,idleTime:600]
2019-09-03 10:57:20,424 [main] INFO - 初始化[HTTP服务:resource][ZML引擎]开始...[2019-09-03 10:57:20,424]
2019-09-03 10:57:20,434 [main] INFO - 初始化[HTTP服务:resource][ZML引擎]结束!!![2019-09-03 10:57:20,434]
2019-09-03 10:57:20,435 [main] INFO - 初始化[HTTP服务:resource][Context:原型设计]开始...[2019-09-03 10:57:20,435]
2019-09-03 10:57:20,475 [main] INFO - <attribute name="系统名称" key="name" value="知启蒙管理台" />
2019-09-03 10:57:20,476 [main] INFO - <attribute name="系统版本" key="version" value="V1.5.0" />
2019-09-03 10:57:20,478 [main] INFO - <attribute name="系统引导" key="bootstrap" value="org.zhiqim.manager.ZmrBootstrap" />
2019-09-03 10:57:20,478 [main] INFO - <attribute name="管理台菜单" key="zmr_menu_sql" value="/conf/zmr.menu.sql" />
2019-09-03 10:57:20,478 [main] INFO - <attribute name="管理台路径" key="zhiqim_manager" value="manager" />
2019-09-03 10:57:20,479 [main] INFO - <interceptor name="检查登录" key="chkZmrLogin" class="org.zhiqim.manager.ZmrInterceptor" />
2019-09-03 10:57:20,491 [main] INFO - <action name="首页" path="/index.htm" view="/ztmpl/zhiqim_manager/index.htm" class="org.zhiqim.manager.action.IndexAction" />
2019-09-03 10:57:20,492 [main] INFO - <action name="管理页" path="/manager.htm" view="/ztmpl/zhiqim_manager/index.htm" class="org.zhiqim.manager.action.IndexAction" />
2019-09-03 10:57:20,493 [main] INFO - <action name="退出" path="/manager/logout.htm" redirect="/index.htm" class="org.zhiqim.manager.action.LogoutAction" />
2019-09-03 10:57:20,493 [main] INFO - <action name="主页" path="/manager/main.htm" interceptor="chkZmrLogin" view="/ztmpl/zhiqim_manager/template.htm" include="/zview/zhiqim_manager/main.zml" class="org.zhiqim.manager.action.MainAction" />
2019-09-03 10:57:20,494 [main] INFO - <action name="主页框架" path="/manager/welcome.htm" interceptor="chkZmrLogin" view="/ztmpl/zhiqim_manager/template.htm" include="/zview/zhiqim_manager/main.zml" class="org.zhiqim.manager.action.MainAction" />
2019-09-03 10:57:20,494 [main] INFO - <action name="用户中心" path="/manager/profile.htm" interceptor="chkZmrLogin" view="/ztmpl/zhiqim_manager/template.htm" include="/zview/zhiqim_manager/profile.zml" class="org.zhiqim.manager.action.ProfileAction" />
2019-09-03 10:57:20,499 [main] INFO - <action name="验证密码" path="/manager/validatePassword.htm" interceptor="chkZmrLogin" view="/ztmpl/zhiqim_manager/inner.htm" include="/zview/zhiqim_manager/validatePassword.zml" />
2019-09-03 10:57:20,499 [main] INFO - <action name="系统菜单列表" path="/manager/menu.htm" interceptor="chkZmrLogin" view="/ztmpl/zhiqim_manager/template.htm" include="/zview/zhiqim_manager/menu.zml" class="org.zhiqim.manager.action.MenuAction" method="list" />
2019-09-03 10:57:20,500 [main] INFO - <action name="增加菜单页面" path="/manager/menuAdd.htm" interceptor="chkZmrLogin" view="/ztmpl/zhiqim_manager/template.htm" include="/zview/zhiqim_manager/menuAdd.zml" class="org.zhiqim.manager.action.MenuAction" method="add" />
2019-09-03 10:57:20,501 [main] INFO - <action name="增加菜单处理" path="/manager/menuInsert.htm" interceptor="chkZmrLogin" redirect="/manager/menu.htm" class="org.zhiqim.manager.action.MenuAction" method="insert" success="增加成功" />
2019-09-03 10:57:20,501 [main] INFO - <action name="修改菜单页面" path="/manager/menuModify.htm" interceptor="chkZmrLogin" view="/ztmpl/zhiqim_manager/template.htm" include="/zview/zhiqim_manager/menuModify.zml" class="org.zhiqim.manager.action.MenuAction" method="modify" />
2019-09-03 10:57:20,502 [main] INFO - <action name="修改菜单处理" path="/manager/menuUpdate.htm" interceptor="chkZmrLogin" redirect="/manager/menu.htm" class="org.zhiqim.manager.action.MenuAction" method="update" success="修改成功" />
2019-09-03 10:57:20,502 [main] INFO - <action name="删除菜单处理" path="/manager/menuDelete.htm" interceptor="chkZmrLogin" redirect="/manager/menu.htm" class="org.zhiqim.manager.action.MenuAction" method="delete" success="删除成功" />
2019-09-03 10:57:20,502 [main] INFO - <action name="系统配置设置" path="/manager/config.htm" interceptor="chkZmrLogin" redirect="/manager/config.htm" view="/ztmpl/zhiqim_manager/template.htm" include="/zview/zhiqim_manager/config.zml" class="org.zhiqim.manager.action.ConfigAction" />
2019-09-03 10:57:20,503 [main] INFO - <action name="系统参数设置" path="/manager/param.htm" interceptor="chkZmrLogin" redirect="/manager/param.htm" view="/ztmpl/zhiqim_manager/template.htm" include="/zview/zhiqim_manager/param.zml" class="org.zhiqim.manager.action.ParamAction" />
2019-09-03 10:57:20,503 [main] INFO - <action name="更换首页主题风格" path="/manager/themeIndex.htm" interceptor="chkZmrLogin" redirect="/manager/themeIndex.htm" view="/ztmpl/zhiqim_manager/template.htm" include="/zview/zhiqim_manager/themeIndex.zml" class="org.zhiqim.manager.action.ThemeIndexAction" />
2019-09-03 10:57:20,504 [main] INFO - <action name="更换主页主题风格" path="/manager/themeMain.htm" interceptor="chkZmrLogin" redirect="/manager/themeMain.htm" view="/ztmpl/zhiqim_manager/template.htm" include="/zview/zhiqim_manager/themeMain.zml" class="org.zhiqim.manager.action.ThemeMainAction" />
2019-09-03 10:57:20,504 [main] INFO - <action name="系统缓存管理" path="/manager/cache.htm" interceptor="chkZmrLogin" redirect="/manager/cache.htm" view="/ztmpl/zhiqim_manager/template.htm" include="/zview/zhiqim_manager/cache.zml" class="org.zhiqim.manager.action.CacheAction" />
2019-09-03 10:57:20,505 [main] INFO - <action name="密钥对设置" path="/manager/keys.htm" interceptor="chkZmrLogin" redirect="/manager/keys.htm" view="/ztmpl/zhiqim_manager/template.htm" include="/zview/zhiqim_manager/keys.zml" class="org.zhiqim.manager.action.KeysAction" success="生成成功" />
2019-09-03 10:57:20,505 [main] INFO - <action name="进程状态查询" path="/manager/process.htm" interceptor="chkZmrLogin" view="/ztmpl/zhiqim_manager/template.htm" include="/zview/zhiqim_manager/process.zml" />
2019-09-03 10:57:20,507 [main] INFO - <action name="进程线程堆栈信息" path="/manager/processThreadStack.htm" interceptor="chkZmrLogin" view="/ztmpl/zhiqim_manager/inner.htm" include="/zview/zhiqim_manager/processThreadStack.zml" class="org.zhiqim.manager.action.ProcessThreadStackAction" />
2019-09-03 10:57:20,507 [main] INFO - <action name="操作员参数列表" path="/manager/paramOperator.htm" interceptor="chkZmrLogin" view="/ztmpl/zhiqim_manager/template.htm" include="/zview/zhiqim_manager/paramOperator.zml" class="org.zhiqim.manager.action.ParamOperatorAction" method="list" />
2019-09-03 10:57:20,508 [main] INFO - <action name="增加操作员参数页面" path="/manager/paramOperatorAdd.htm" interceptor="chkZmrLogin" view="/ztmpl/zhiqim_manager/template.htm" include="/zview/zhiqim_manager/paramOperatorAdd.zml" class="org.zhiqim.manager.action.ParamOperatorAction" method="add" />
2019-09-03 10:57:20,508 [main] INFO - <action name="增加操作员参数处理" path="/manager/paramOperatorInsert.htm" interceptor="chkZmrLogin" redirect="/manager/paramOperator.htm" class="org.zhiqim.manager.action.ParamOperatorAction" method="insert" success="增加成功" />
2019-09-03 10:57:20,509 [main] INFO - <action name="删除操作员参数处理" path="/manager/paramOperatorDelete.htm" interceptor="chkZmrLogin" redirect="/manager/paramOperator.htm" class="org.zhiqim.manager.action.ParamOperatorAction" method="delete" success="删除成功" />
2019-09-03 10:57:20,509 [main] INFO - <action name="头像列表" path="/manager/avatar.htm" interceptor="chkZmrLogin" view="/ztmpl/zhiqim_manager/template.htm" include="/zview/zhiqim_manager/avatar.zml" class="org.zhiqim.manager.action.AvatarAction" method="list" />
2019-09-03 10:57:20,509 [main] INFO - <action name="修改头像页面" path="/manager/avatarModify.htm" interceptor="chkZmrLogin" view="/ztmpl/zhiqim_manager/template.htm" include="/zview/zhiqim_manager/avatarModify.zml" class="org.zhiqim.manager.action.AvatarAction" method="modify" />
2019-09-03 10:57:20,510 [main] INFO - <action name="增加头像页面" path="/manager/avatarAdd.htm" interceptor="chkZmrLogin" view="/ztmpl/zhiqim_manager/template.htm" include="/zview/zhiqim_manager/avatarAdd.zml" />
2019-09-03 10:57:20,510 [main] INFO - <action name="组织列表" path="/manager/org.htm" interceptor="chkZmrLogin" view="/ztmpl/zhiqim_manager/template.htm" include="/zview/zhiqim_manager/org.zml" class="org.zhiqim.manager.action.OrgAction" method="list" />
2019-09-03 10:57:20,511 [main] INFO - <action name="增加组织页面" path="/manager/orgAdd.htm" interceptor="chkZmrLogin" view="/ztmpl/zhiqim_manager/template.htm" include="/zview/zhiqim_manager/orgAdd.zml" class="org.zhiqim.manager.action.OrgAction" method="add" />
2019-09-03 10:57:20,511 [main] INFO - <action name="增加组织处理" path="/manager/orgInsert.htm" interceptor="chkZmrLogin" redirect="/manager/org.htm" class="org.zhiqim.manager.action.OrgAction" method="insert" success="增加成功" />
2019-09-03 10:57:20,511 [main] INFO - <action name="修改组织页面" path="/manager/orgModify.htm" interceptor="chkZmrLogin" view="/ztmpl/zhiqim_manager/template.htm" include="/zview/zhiqim_manager/orgModify.zml" class="org.zhiqim.manager.action.OrgAction" method="modify" />
2019-09-03 10:57:20,512 [main] INFO - <action name="修改组织处理" path="/manager/orgUpdate.htm" interceptor="chkZmrLogin" redirect="/manager/org.htm" class="org.zhiqim.manager.action.OrgAction" method="update" success="修改成功" />
2019-09-03 10:57:20,512 [main] INFO - <action name="删除组织处理" path="/manager/orgDelete.htm" interceptor="chkZmrLogin" redirect="/manager/org.htm" class="org.zhiqim.manager.action.OrgAction" method="delete" success="删除成功" />
2019-09-03 10:57:20,512 [main] INFO - <action name="组织关联权限" path="/manager/orgRule.htm" interceptor="chkZmrLogin" redirect="/manager/orgRule.htm" view="/ztmpl/zhiqim_manager/template.htm" include="/zview/zhiqim_manager/orgRule.zml" class="org.zhiqim.manager.action.OrgRuleAction" />
2019-09-03 10:57:20,513 [main] INFO - <action name="组织选择对话框" path="/manager/orgSelector.htm" interceptor="chkZmrLogin" view="/ztmpl/zhiqim_manager/inner.htm" include="/zview/zhiqim_manager/orgSelector.zml" class="org.zhiqim.manager.action.OrgSelectorAction" />
2019-09-03 10:57:20,513 [main] INFO - <action name="部门列表" path="/manager/dept.htm" interceptor="chkZmrLogin" view="/ztmpl/zhiqim_manager/template.htm" include="/zview/zhiqim_manager/dept.zml" class="org.zhiqim.manager.action.DeptAction" method="list" />
2019-09-03 10:57:20,514 [main] INFO - <action name="增加部门页面" path="/manager/deptAdd.htm" interceptor="chkZmrLogin" view="/ztmpl/zhiqim_manager/template.htm" include="/zview/zhiqim_manager/deptAdd.zml" class="org.zhiqim.manager.action.DeptAction" method="add" />
2019-09-03 10:57:20,514 [main] INFO - <action name="增加部门处理" path="/manager/deptInsert.htm" interceptor="chkZmrLogin" redirect="/manager/dept.htm" class="org.zhiqim.manager.action.DeptAction" method="insert" success="增加成功" />
2019-09-03 10:57:20,514 [main] INFO - <action name="修改部门页面" path="/manager/deptModify.htm" interceptor="chkZmrLogin" view="/ztmpl/zhiqim_manager/template.htm" include="/zview/zhiqim_manager/deptModify.zml" class="org.zhiqim.manager.action.DeptAction" method="modify" />
2019-09-03 10:57:20,515 [main] INFO - <action name="修改部门处理" path="/manager/deptUpdate.htm" interceptor="chkZmrLogin" redirect="/manager/dept.htm" class="org.zhiqim.manager.action.DeptAction" method="update" success="修改成功" />
2019-09-03 10:57:20,515 [main] INFO - <action name="删除部门处理" path="/manager/deptDelete.htm" interceptor="chkZmrLogin" redirect="/manager/dept.htm" class="org.zhiqim.manager.action.DeptAction" method="delete" success="删除成功" />
2019-09-03 10:57:20,515 [main] INFO - <action name="部门操作员" path="/manager/deptOperator.htm" interceptor="chkZmrLogin" view="/ztmpl/zhiqim_manager/template.htm" include="/zview/zhiqim_manager/deptOperator.zml" class="org.zhiqim.manager.action.DeptOperatorAction" />
2019-09-03 10:57:20,516 [main] INFO - <action name="部门增加操作员" path="/manager/deptOperatorSelector.htm" interceptor="chkZmrLogin" view="/ztmpl/zhiqim_manager/inner.htm" include="/zview/zhiqim_manager/deptOperatorSelector.zml" class="org.zhiqim.manager.action.DeptOperatorSelectorAction" />
2019-09-03 10:57:20,516 [main] INFO - <action name="部门关联权限" path="/manager/deptRule.htm" interceptor="chkZmrLogin" redirect="/manager/deptRule.htm" view="/ztmpl/zhiqim_manager/template.htm" include="/zview/zhiqim_manager/deptRule.zml" class="org.zhiqim.manager.action.DeptRuleAction" success="保存成功" />
2019-09-03 10:57:20,517 [main] INFO - <action name="角色列表" path="/manager/role.htm" interceptor="chkZmrLogin" view="/ztmpl/zhiqim_manager/template.htm" include="/zview/zhiqim_manager/role.zml" class="org.zhiqim.manager.action.RoleAction" method="list" />
2019-09-03 10:57:20,517 [main] INFO - <action name="增加角色页面" path="/manager/roleAdd.htm" interceptor="chkZmrLogin" view="/ztmpl/zhiqim_manager/template.htm" include="/zview/zhiqim_manager/roleAdd.zml" class="org.zhiqim.manager.action.RoleAction" method="add" />
2019-09-03 10:57:20,517 [main] INFO - <action name="增加角色处理" path="/manager/roleInsert.htm" interceptor="chkZmrLogin" redirect="/manager/role.htm" class="org.zhiqim.manager.action.RoleAction" method="insert" success="增加成功" />
2019-09-03 10:57:20,518 [main] INFO - <action name="修改角色页面" path="/manager/roleModify.htm" interceptor="chkZmrLogin" view="/ztmpl/zhiqim_manager/template.htm" include="/zview/zhiqim_manager/roleModify.zml" class="org.zhiqim.manager.action.RoleAction" method="modify" />
2019-09-03 10:57:20,518 [main] INFO - <action name="修改角色处理" path="/manager/roleUpdate.htm" interceptor="chkZmrLogin" redirect="/manager/role.htm" class="org.zhiqim.manager.action.RoleAction" method="update" success="修改成功" />
2019-09-03 10:57:20,518 [main] INFO - <action name="删除角色处理" path="/manager/roleDelete.htm" interceptor="chkZmrLogin" redirect="/manager/role.htm" class="org.zhiqim.manager.action.RoleAction" method="delete" success="删除成功" />
2019-09-03 10:57:20,519 [main] INFO - <action name="角色操作员" path="/manager/roleOperator.htm" interceptor="chkZmrLogin" view="/ztmpl/zhiqim_manager/template.htm" include="/zview/zhiqim_manager/roleOperator.zml" class="org.zhiqim.manager.action.RoleOperatorAction" />
2019-09-03 10:57:20,519 [main] INFO - <action name="角色增加操作员" path="/manager/roleOperatorSelector.htm" interceptor="chkZmrLogin" view="/ztmpl/zhiqim_manager/inner.htm" include="/zview/zhiqim_manager/roleOperatorSelector.zml" class="org.zhiqim.manager.action.RoleOperatorSelectorAction" />
2019-09-03 10:57:20,519 [main] INFO - <action name="角色关联权限" path="/manager/roleRule.htm" interceptor="chkZmrLogin" redirect="/manager/role.htm" view="/ztmpl/zhiqim_manager/template.htm" include="/zview/zhiqim_manager/roleRule.zml" class="org.zhiqim.manager.action.RoleRuleAction" success="保存成功" />
2019-09-03 10:57:20,519 [main] INFO - <action name="操作员列表" path="/manager/operator.htm" interceptor="chkZmrLogin" view="/ztmpl/zhiqim_manager/template.htm" include="/zview/zhiqim_manager/operator.zml" class="org.zhiqim.manager.action.OperatorAction" method="list" />
2019-09-03 10:57:20,520 [main] INFO - <action name="增加操作员页面" path="/manager/operatorAdd.htm" interceptor="chkZmrLogin" view="/ztmpl/zhiqim_manager/template.htm" include="/zview/zhiqim_manager/operatorAdd.zml" class="org.zhiqim.manager.action.OperatorAction" method="add" />
2019-09-03 10:57:20,520 [main] INFO - <action name="增加操作员处理" path="/manager/operatorInsert.htm" interceptor="chkZmrLogin" redirect="/manager/operator.htm" class="org.zhiqim.manager.action.OperatorAction" method="insert" success="增加成功" />
2019-09-03 10:57:20,521 [main] INFO - <action name="修改操作员页面" path="/manager/operatorModify.htm" interceptor="chkZmrLogin" view="/ztmpl/zhiqim_manager/template.htm" include="/zview/zhiqim_manager/operatorModify.zml" class="org.zhiqim.manager.action.OperatorAction" method="modify" />
2019-09-03 10:57:20,521 [main] INFO - <action name="修改操作员密码" path="/manager/operatorModifyPassword.htm" interceptor="chkZmrLogin" view="/ztmpl/zhiqim_manager/inner.htm" include="/zview/zhiqim_manager/operatorModifyPassword.zml" />
2019-09-03 10:57:20,521 [main] INFO - <action name="修改操作员处理" path="/manager/operatorUpdate.htm" interceptor="chkZmrLogin" redirect="/manager/operator.htm" class="org.zhiqim.manager.action.OperatorAction" method="update" success="修改成功" />
2019-09-03 10:57:20,521 [main] INFO - <action name="删除操作员处理" path="/manager/operatorDelete.htm" interceptor="chkZmrLogin" redirect="/manager/operator.htm" class="org.zhiqim.manager.action.OperatorAction" method="delete" success="删除成功" />
2019-09-03 10:57:20,522 [main] INFO - <action name="操作员上传头像" path="/manager/operatorUploadAvatar.htm" interceptor="chkZmrLogin" view="/ztmpl/zhiqim_manager/template.htm" include="/zview/zhiqim_manager/operatorUploadAvatar.zml" />
2019-09-03 10:57:20,522 [main] INFO - <action name="操作员选择对话框" path="/manager/operatorSelector.htm" interceptor="chkZmrLogin" view="/ztmpl/zhiqim_manager/inner.htm" include="/zview/zhiqim_manager/operatorSelector.zml" class="org.zhiqim.manager.action.OperatorSelectorAction" />
2019-09-03 10:57:20,522 [main] INFO - <action name="操作员多选对话框" path="/manager/operatorsSelector.htm" interceptor="chkZmrLogin" view="/ztmpl/zhiqim_manager/inner.htm" include="/zview/zhiqim_manager/operatorsSelector.zml" class="org.zhiqim.manager.action.OperatorSelectorAction" />
2019-09-03 10:57:20,523 [main] INFO - <action name="操作员权限修改" path="/manager/operatorRule.htm" interceptor="chkZmrLogin" redirect="/manager/operatorRule.htm" view="/ztmpl/zhiqim_manager/template.htm" include="/zview/zhiqim_manager/operatorRule.zml" class="org.zhiqim.manager.action.OperatorRuleAction" />
2019-09-03 10:57:20,523 [main] INFO - <action name="操作员权限显示" path="/manager/operatorRuleView.htm" interceptor="chkZmrLogin" view="/ztmpl/zhiqim_manager/template.htm" include="/zview/zhiqim_manager/operatorRuleView.zml" class="org.zhiqim.manager.action.OperatorRuleViewAction" />
2019-09-03 10:57:20,523 [main] INFO - <action name="操作员部门选择框" path="/manager/operatorDeptSelector.htm" interceptor="chkZmrLogin" view="/ztmpl/zhiqim_manager/inner.htm" include="/zview/zhiqim_manager/operatorDeptSelector.zml" class="org.zhiqim.manager.action.OperatorDeptSelectorAction" />
2019-09-03 10:57:20,524 [main] INFO - <action name="操作员角色选择框" path="/manager/operatorRoleSelector.htm" interceptor="chkZmrLogin" view="/ztmpl/zhiqim_manager/inner.htm" include="/zview/zhiqim_manager/operatorRoleSelector.zml" class="org.zhiqim.manager.action.OperatorRoleSelectorAction" />
2019-09-03 10:57:20,524 [main] INFO - <action name="更换头像" path="/manager/profileModifyAvatar.htm" interceptor="chkZmrLogin" view="/ztmpl/zhiqim_manager/inner.htm" include="/zview/zhiqim_manager/profileModifyAvatar.zml" />
2019-09-03 10:57:20,524 [main] INFO - <action name="修改密码" path="/manager/profileModifyPassword.htm" interceptor="chkZmrLogin" view="/ztmpl/zhiqim_manager/inner.htm" include="/zview/zhiqim_manager/profileModifyPassword.zml" />
2019-09-03 10:57:20,524 [main] INFO - <action name="操作日志查询" path="/manager/operateLog.htm" interceptor="chkZmrLogin" view="/ztmpl/zhiqim_manager/template.htm" include="/zview/zhiqim_manager/operateLog.zml" class="org.zhiqim.manager.action.OperateLogAction" />
2019-09-03 10:57:20,525 [main] INFO - <action name="操作员在线列表" path="/manager/operatorOnline.htm" interceptor="chkZmrLogin" view="/ztmpl/zhiqim_manager/template.htm" include="/zview/zhiqim_manager/operatorOnline.zml" class="org.zhiqim.manager.action.OperatorOnlineAction" />
2019-09-03 10:57:20,525 [main] INFO - <action name="头像" path="/manager/avatar/*/*.png" class="org.zhiqim.manager.action.AvatarAction" method="access" />
2019-09-03 10:57:20,525 [main] INFO - <action name="后台页面.htm" path="/zmr/*.htm" interceptor="chkZmrLogin" class="org.zhiqim.manager.action.ZmrAction" />
2019-09-03 10:57:20,525 [main] INFO - <action name="后台页面.zml" path="/zmr/*.zml" interceptor="chkZmrLogin" class="org.zhiqim.manager.action.ZmrAction" />
2019-09-03 10:57:20,526 [main] INFO - <action name="内部页面.htm" path="/zmi/*.htm" interceptor="chkZmrLogin" class="org.zhiqim.manager.action.ZmiAction" />
2019-09-03 10:57:20,526 [main] INFO - <action name="内部页面.zml" path="/zmi/*.zml" interceptor="chkZmrLogin" class="org.zhiqim.manager.action.ZmiAction" />
2019-09-03 10:57:20,662 [main] INFO - 增加计划任务[Scheduler-VaNt-org.zhiqim.manager.ZmrTask]
2019-09-03 10:57:20,666 [main] INFO - 增加计划任务[Scheduler-VaNt-org.zhiqim.uploadlarge.ZulTask]
2019-09-03 10:57:20,666 [main] INFO - <attribute name="系统名称" key="name" value="知启蒙大文件上传" />
2019-09-03 10:57:20,666 [main] INFO - <attribute name="系统版本" key="version" value="V1.5.0" />
2019-09-03 10:57:20,667 [main] INFO - <attribute name="系统引导" key="bootstrap" value="org.zhiqim.uploadlarge.ZulBootstrap" />
2019-09-03 10:57:20,667 [main] INFO - <attribute name="上传组件根目录" key="upload.large.rootDir" value="./uploadlarge" />
2019-09-03 10:57:20,667 [main] INFO - <action name="文件列表" path="/zhiqim_upload_large/fileList.htm" interceptor="chkZmrLogin" view="/ztmpl/zhiqim_manager/template.htm" include="/zview/zhiqim_upload_large/fileList.zml" class="org.zhiqim.uploadlarge.action.FileListAction" />
2019-09-03 10:57:20,667 [main] INFO - <action name="文件上传页面" path="/zhiqim_upload_large/fileUpload.htm" interceptor="chkZmrLogin" view="/ztmpl/zhiqim_manager/template.htm" include="/zview/zhiqim_upload_large/fileUpload.zml" />
2019-09-03 10:57:20,668 [main] INFO - <action name="修改文件页面" path="/zhiqim_upload_large/fileModify.htm" interceptor="chkZmrLogin" view="/ztmpl/zhiqim_manager/template.htm" include="/zview/zhiqim_upload_large/fileModify.zml" class="org.zhiqim.uploadlarge.action.FileModifyAction" />
2019-09-03 10:57:20,668 [main] INFO - <action name="修改文件处理" path="/zhiqim_upload_large/fileUpdate.htm" interceptor="chkZmrLogin" redirect="/zhiqim_upload_large/fileList.htm" class="org.zhiqim.uploadlarge.action.FileUpdateAction" success="修改成功" />
2019-09-03 10:57:20,668 [main] INFO - <action name="删除文件处理" path="/zhiqim_upload_large/fileDelete.htm" interceptor="chkZmrLogin" redirect="/zhiqim_upload_large/fileList.htm" class="org.zhiqim.uploadlarge.action.FileDeleteAction" success="删除成功" />
2019-09-03 10:57:20,668 [main] INFO - <action name="文件碎片列表" path="/zhiqim_upload_large/fileChunkList.htm" interceptor="chkZmrLogin" view="/ztmpl/zhiqim_manager/template.htm" include="/zview/zhiqim_upload_large/fileChunkList.zml" class="org.zhiqim.uploadlarge.action.FileChunkListAction" />
2019-09-03 10:57:20,669 [main] INFO - <action name="删除文件碎片" path="/zhiqim_upload_large/fileChunkDelete.htm" interceptor="chkZmrLogin" redirect="/zhiqim_upload_large/fileChunkList.htm" class="org.zhiqim.uploadlarge.action.FileChunkDeleteAction" success="删除成功" />
2019-09-03 10:57:20,673 [main] INFO - <attribute name="系统名称" key="name" value="知启蒙原型设计" />
2019-09-03 10:57:20,673 [main] INFO - <attribute name="系统版本" key="version" value="V1.0" />
2019-09-03 10:57:20,674 [main] INFO - <attribute name="系统引导" key="bootstrap" value="com.zhiqim.prototype.manage.PrototypeEditorBootstrap" />
2019-09-03 10:57:20,674 [main] INFO - <action name="原型列表" path="/zhiqimPrototypeEditor/prototypeList.htm" interceptor="chkZmrLogin" view="/ztmpl/zhiqim_manager/template.htm" include="/zview/zhiqimPrototypeEditor/prototypeList.zml" class="com.zhiqim.prototype.manage.action.PrototypeListAction" method="list" />
2019-09-03 10:57:20,674 [main] INFO - <action name="原型删除" path="/zhiqimPrototypeEditor/prototypeDelete.htm" interceptor="chkZmrLogin" redirect="/zhiqimPrototypeEditor/prototypeList.htm" class="com.zhiqim.prototype.manage.action.PrototypeListAction" method="delete" />
2019-09-03 10:57:20,675 [main] INFO - <action name="元素分类列表" path="/zhiqimPrototypeEditor/elementClassificationList.htm" interceptor="chkZmrLogin" view="/ztmpl/zhiqim_manager/template.htm" include="/zview/zhiqimPrototypeEditor/elementClassificationList.zml" class="com.zhiqim.prototype.manage.action.ElementClassificationListAction" method="list" />
2019-09-03 10:57:20,675 [main] INFO - <action name="元素分类新增" path="/zhiqimPrototypeEditor/elementClassificationAdd.htm" interceptor="chkZmrLogin" redirect="/zhiqimPrototypeEditor/elementClassificationList.htm" class="com.zhiqim.prototype.manage.action.ElementClassificationListAction" method="add" />
2019-09-03 10:57:20,675 [main] INFO - <action name="元素分类更新" path="/zhiqimPrototypeEditor/elementClassificationUpdate.htm" interceptor="chkZmrLogin" redirect="/zhiqimPrototypeEditor/elementClassificationList.htm" class="com.zhiqim.prototype.manage.action.ElementClassificationListAction" method="update" />
2019-09-03 10:57:20,675 [main] INFO - <action name="元素分类删除" path="/zhiqimPrototypeEditor/elementClassificationDelete.htm" interceptor="chkZmrLogin" redirect="/zhiqimPrototypeEditor/elementClassificationList.htm" class="com.zhiqim.prototype.manage.action.ElementClassificationListAction" method="delete" />
2019-09-03 10:57:20,676 [main] INFO - <action name="组件分类列表" path="/zhiqimPrototypeEditor/libClassificationList.htm" interceptor="chkZmrLogin" view="/ztmpl/zhiqim_manager/template.htm" include="/zview/zhiqimPrototypeEditor/libClassificationList.zml" class="com.zhiqim.prototype.manage.action.LibClassificationListAction" method="list" />
2019-09-03 10:57:20,676 [main] INFO - <action name="组件分类新增" path="/zhiqimPrototypeEditor/libClassificationAdd.htm" interceptor="chkZmrLogin" redirect="/zhiqimPrototypeEditor/libClassificationList.htm" class="com.zhiqim.prototype.manage.action.LibClassificationListAction" method="add" />
2019-09-03 10:57:20,676 [main] INFO - <action name="组件分类更新" path="/zhiqimPrototypeEditor/libClassificationUpdate.htm" interceptor="chkZmrLogin" redirect="/zhiqimPrototypeEditor/libClassificationList.htm" class="com.zhiqim.prototype.manage.action.LibClassificationListAction" method="update" />
2019-09-03 10:57:20,676 [main] INFO - <action name="组件分类删除" path="/zhiqimPrototypeEditor/libClassificationDelete.htm" interceptor="chkZmrLogin" redirect="/zhiqimPrototypeEditor/libClassificationList.htm" class="com.zhiqim.prototype.manage.action.LibClassificationListAction" method="delete" />
2019-09-03 10:57:20,677 [main] INFO - <action name="系统组件资源列表" path="/zhiqimPrototypeEditor/systemLibList.htm" interceptor="chkZmrLogin" view="/ztmpl/zhiqim_manager/template.htm" include="/zview/zhiqimPrototypeEditor/systemLibList.zml" class="com.zhiqim.prototype.manage.action.SystemLibListAction" method="list" />
2019-09-03 10:57:20,677 [main] INFO - <action name="系统组件资源添加" path="/zhiqimPrototypeEditor/systemLibAdd.htm" interceptor="chkZmrLogin" redirect="/zhiqimPrototypeEditor/systemLibList.htm" class="com.zhiqim.prototype.manage.action.SystemLibListAction" method="add" />
2019-09-03 10:57:20,677 [main] INFO - <action name="系统组件资源更新" path="/zhiqimPrototypeEditor/systemLibUpdate.htm" interceptor="chkZmrLogin" redirect="/zhiqimPrototypeEditor/systemLibList.htm" class="com.zhiqim.prototype.manage.action.SystemLibListAction" method="update" />
2019-09-03 10:57:20,677 [main] INFO - <action name="系统组件资源删除" path="/zhiqimPrototypeEditor/systemLibDelete.htm" interceptor="chkZmrLogin" redirect="/zhiqimPrototypeEditor/systemLibList.htm" class="com.zhiqim.prototype.manage.action.SystemLibListAction" method="delete" />
2019-09-03 10:57:20,678 [main] INFO - <action name="系统图标资源列表" path="/zhiqimPrototypeEditor/systemIconList.htm" interceptor="chkZmrLogin" view="/ztmpl/zhiqim_manager/template.htm" include="/zview/zhiqimPrototypeEditor/systemIconList.zml" class="com.zhiqim.prototype.manage.action.SystemIconListAction" method="list" />
2019-09-03 10:57:20,678 [main] INFO - <action name="系统图标资源添加" path="/zhiqimPrototypeEditor/systemIconAdd.htm" interceptor="chkZmrLogin" redirect="/zhiqimPrototypeEditor/systemIconList.htm" class="com.zhiqim.prototype.manage.action.SystemIconListAction" method="add" />
2019-09-03 10:57:20,678 [main] INFO - <action name="系统图标资源更新" path="/zhiqimPrototypeEditor/systemIconUpdate.htm" interceptor="chkZmrLogin" redirect="/zhiqimPrototypeEditor/systemIconList.htm" class="com.zhiqim.prototype.manage.action.SystemIconListAction" method="update" />
2019-09-03 10:57:20,678 [main] INFO - <action name="系统图标资源删除" path="/zhiqimPrototypeEditor/systemIconDelete.htm" interceptor="chkZmrLogin" redirect="/zhiqimPrototypeEditor/systemIconList.htm" class="com.zhiqim.prototype.manage.action.SystemIconListAction" method="delete" />
2019-09-03 10:57:20,679 [main] INFO - <action name="系统图片资源列表" path="/zhiqimPrototypeEditor/systemImageList.htm" interceptor="chkZmrLogin" view="/ztmpl/zhiqim_manager/template.htm" include="/zview/zhiqimPrototypeEditor/systemImageList.zml" class="com.zhiqim.prototype.manage.action.SystemImageListAction" method="list" />
2019-09-03 10:57:20,679 [main] INFO - <action name="系统图片资源删除" path="/zhiqimPrototypeEditor/systemImageDelete.htm" interceptor="chkZmrLogin" redirect="/zhiqimPrototypeEditor/systemImageList.htm" class="com.zhiqim.prototype.manage.action.SystemImageListAction" method="delete" />
2019-09-03 10:57:20,679 [main] INFO - <action name="我的组件资源列表" path="/zhiqimPrototypeEditor/userLibList.htm" interceptor="chkZmrLogin" view="/ztmpl/zhiqim_manager/template.htm" include="/zview/zhiqimPrototypeEditor/userLibList.zml" class="com.zhiqim.prototype.manage.action.UserLibListAction" method="list" />
2019-09-03 10:57:20,679 [main] INFO - <action name="我的组件资源删除" path="/zhiqimPrototypeEditor/userLibDelete.htm" interceptor="chkZmrLogin" redirect="/zhiqimPrototypeEditor/userLibList.htm" class="com.zhiqim.prototype.manage.action.UserLibListAction" method="delete" />
2019-09-03 10:57:20,680 [main] INFO - <action name="原型设计" path="/zhiqimPrototypeEditor/prototypeEditor.htm" interceptor="chkZmrLogin" view="/ztmpl/zhiqim_manager/inner.htm" include="/zview/zhiqimPrototypeEditor/prototypeEditor.zml" class="com.zhiqim.prototype.manage.action.PrototypeEditorAction" />
2019-09-03 10:57:20,704 [main] INFO - 初始化[HTTP服务:resource][Context:原型设计]完成!!![2019-09-03 10:57:20,704]
2019-09-03 10:57:20,704 [main] INFO - 初始化[HTTP服务:resource]http监听:[name:resource;port:8080]完成!!!

2019-09-03 10:57:20,705 [main] INFO - 系统[原型设计]-版本[1.0.0]初始化完成!!!

2019-09-03 10:58:02,533 [resource-11] INFO - USER:zhiqim IP:192.168.1.27 URI:/service/ajax?path=/&time=1567479482279 [ZmrLoginPresenter][doLogin]
2019-09-03 10:58:13,294 [Interval-org.zhiqim.httpd.bio.HttpBioListener] INFO - 允许最大连接[200]，当前总连接[0]=WS[0]+活动[0]+空闲[0]，允许空闲[53]秒
